<?xml version="1.0" encoding="UTF-8"?>
<testng-results ignored="0" total="1" passed="1" failed="0" skipped="0">
  <reporter-output>
  </reporter-output>
  <suite started-at="2024-09-13T19:40:52 IST" name="Default suite" finished-at="2024-09-13T19:41:08 IST" duration-ms="16290">
    <groups>
    </groups>
    <test started-at="2024-09-13T19:40:52 IST" name="Default test" finished-at="2024-09-13T19:41:08 IST" duration-ms="16290">
      <class name="Soundbar.SoundbarProductsAndPrice">
        <test-method is-config="true" signature="setUp()[pri:0, instance:Soundbar.SoundbarProductsAndPrice@12aba8be]" started-at="2024-09-13T19:40:52 IST" name="setUp" finished-at="2024-09-13T19:40:57 IST" duration-ms="4996" status="PASS">
          <reporter-output>
          </reporter-output>
        </test-method> <!-- setUp -->
        <test-method signature="SoundbarPrices()[pri:0, instance:Soundbar.SoundbarProductsAndPrice@12aba8be]" started-at="2024-09-13T19:40:57 IST" name="SoundbarPrices" finished-at="2024-09-13T19:41:08 IST" duration-ms="10509" status="PASS">
          <reporter-output>
          </reporter-output>
        </test-method> <!-- SoundbarPrices -->
        <test-method is-config="true" signature="tearDown()[pri:0, instance:Soundbar.SoundbarProductsAndPrice@12aba8be]" started-at="2024-09-13T19:41:08 IST" name="tearDown" finished-at="2024-09-13T19:41:08 IST" duration-ms="680" status="PASS">
          <reporter-output>
          </reporter-output>
        </test-method> <!-- tearDown -->
      </class> <!-- Soundbar.SoundbarProductsAndPrice -->
    </test> <!-- Default test -->
  </suite> <!-- Default suite -->
</testng-results>
