<?xml version="1.0" encoding="UTF-8"?>
<!-- Generated by org.testng.reporters.JUnitXMLReporter -->
<testsuite ignored="0" hostname="IN3AREW0G02KWDR" failures="1" tests="1" name="Test" time="8.394" errors="0" timestamp="2024-09-13T19:37:40 IST">
  <testcase classname="Soundbar.SoundbarProductsAndPrice" name="SoundbarPrices" time="3.531">
    <failure type="java.lang.AssertionError" message="expected [Online Shopping site in India: Shop Online for Mobiles, Books, Watches, Shoes and More - Amazon.in] but found [amazon.in]">
      <![CDATA[java.lang.AssertionError: expected [Online Shopping site in India: Shop Online for Mobiles, Books, Watches, Shoes and More - Amazon.in] but found [amazon.in]
at Soundbar.SoundbarProductsAndPrice.SoundbarPrices(SoundbarProductsAndPrice.java:43)
at java.base/java.util.ArrayList.forEach(ArrayList.java:1511)
... Removed 33 stack frames]]>
    </failure>
  </testcase> <!-- SoundbarPrices -->
</testsuite> <!-- Test -->
